#INFO: **** input file is /tigress/xingz/pydmfet/examples/proj/hydrogen.py ****
from pydmfet import proj_ao
from pydmfet.qcwrap.pyscf_rks_ao import rks_ao
from pyscf import gto
import numpy as np
from pyscf.tools import molden
from pyscf import lo
from pyscf.lo import iao,orth
from functools import reduce
import math

DMguess  = None

bondlengths = np.arange(0.74, 0.79, 0.1)
energies = []

bas = 'sto-6g'
#bas = 'cc-pvdz'

temp = 0.005

for bondlength in bondlengths:

    nat = 20
    mol = gto.Mole()
    mol.atom = []
    r = 0.5 * bondlength / np.sin(np.pi/nat)
    for i in range(nat):
        theta = i * (2*np.pi/nat)
        mol.atom.append(('H', (r*np.cos(theta), r*np.sin(theta), 0)))

    mol.basis = bas
    mol.build(max_memory = 4000,verbose=4)

    #mf = scf.RKS(mol)
    mf = rks_ao(mol,smear_sigma = temp)
    mf.xc = 'pbe,pbe'
    mf.max_cycle = 50
    mf.scf(dm0=DMguess)

    '''
    proj = np.empty((mol.natm,11,11))
    s = mol.intor_symmetric('int1e_ovlp')
    mo_coeff = mf.mo_coeff[:,:11]
    c = iao.iao(mol, mo_coeff)
    c = np.dot(c, orth.lowdin(reduce(np.dot, (c.conj().T,s,c))))
    with open( 'iao.molden', 'w' ) as thefile:
        molden.header(mol, thefile)
        molden.orbital_coeff(mol, thefile, c)

    for i in range(11):
        mo_coeff[:,i] *= math.sqrt(mf.mo_occ[i])
    for i, (b0, b1, p0, p1) in enumerate(mol.offset_nr_by_atom()):
        csc = reduce(np.dot, (mo_coeff.conj().T,s,c[:,p0:p1]))
        proj[i] = np.dot(csc, csc.conj().T)
    for i in range(11):
        nele = 0
        for j in range(20):
            nele += proj[j,i,i]
        print(nele)

    exit()
    '''

    natoms = mol.natm
    impAtom = np.zeros([natoms], dtype=int)
    for i in range(10):
        impAtom[i] = 1


    embed = proj_ao.proj_embed(mf, impAtom, Ne_env = 10)
    embed.pop_method = 'meta_lowdin'
    embed.make_frozen_orbs(norb = 9)
    embed.embedding_potential()

    '''
    orbocc = mf.mo_coeff[:,:14]
    c = lo.iao.iao(mol, orbocc)
    s = mol.intor_symmetric('int1e_ovlp')
    #c= np.dot(c, lo.orth.lowdin(reduce(np.dot, (c.T,s,c))))
    
    #with open( 'iao.molden', 'w' ) as thefile:
    #    molden.header(mol, thefile)
    #    molden.orbital_coeff(mol, thefile, c)
    '''
#INFO: ******************** input file end ********************


System: uname_result(system='Linux', node='tigercpu.princeton.edu', release='3.10.0-957.21.2.el7.x86_64', version='#1 SMP Tue Jun 4 15:19:05 EDT 2019', machine='x86_64', processor='x86_64')  Threads 40
Python 3.7.0 (default, Jun 28 2018, 13:15:42) 
[GCC 7.2.0]
numpy 1.16.4  scipy 1.4.0.dev0+0f78e0f
Date: Wed Jun 26 16:17:58 2019
PySCF version 1.5
PySCF path  /home/xingz/.local/lib/python3.7/site-packages/pyscf

[CONFIG] conf_file None
[INPUT] verbose = 4
[INPUT] num. atoms = 20
[INPUT] num. electrons = 20
[INPUT] charge = 0
[INPUT] spin (= nelec alpha-beta = 2S) = 0
[INPUT] symmetry False subgroup None
[INPUT] Mole.unit = angstrom
[INPUT]  1 H      2.365207691955   0.000000000000   0.000000000000 AA    4.469594765509   0.000000000000   0.000000000000 Bohr
[INPUT]  2 H      2.249446187825   0.730889372040   0.000000000000 AA    4.250837226936   1.381180740512   0.000000000000 Bohr
[INPUT]  3 H      1.913493218018   1.390234199940   0.000000000000 AA    3.615978123266   2.627161886890   0.000000000000 Bohr
[INPUT]  4 H      1.390234199940   1.913493218018   0.000000000000 AA    2.627161886890   3.615978123266   0.000000000000 Bohr
[INPUT]  5 H      0.730889372040   2.249446187825   0.000000000000 AA    1.381180740512   4.250837226936   0.000000000000 Bohr
[INPUT]  6 H      0.000000000000   2.365207691955   0.000000000000 AA    0.000000000000   4.469594765509   0.000000000000 Bohr
[INPUT]  7 H     -0.730889372040   2.249446187825   0.000000000000 AA   -1.381180740512   4.250837226936   0.000000000000 Bohr
[INPUT]  8 H     -1.390234199940   1.913493218018   0.000000000000 AA   -2.627161886890   3.615978123266   0.000000000000 Bohr
[INPUT]  9 H     -1.913493218018   1.390234199940   0.000000000000 AA   -3.615978123266   2.627161886890   0.000000000000 Bohr
[INPUT] 10 H     -2.249446187825   0.730889372040   0.000000000000 AA   -4.250837226936   1.381180740512   0.000000000000 Bohr
[INPUT] 11 H     -2.365207691955   0.000000000000   0.000000000000 AA   -4.469594765509   0.000000000000   0.000000000000 Bohr
[INPUT] 12 H     -2.249446187825  -0.730889372040   0.000000000000 AA   -4.250837226936  -1.381180740512   0.000000000000 Bohr
[INPUT] 13 H     -1.913493218018  -1.390234199940   0.000000000000 AA   -3.615978123266  -2.627161886890   0.000000000000 Bohr
[INPUT] 14 H     -1.390234199940  -1.913493218018   0.000000000000 AA   -2.627161886890  -3.615978123266   0.000000000000 Bohr
[INPUT] 15 H     -0.730889372040  -2.249446187825   0.000000000000 AA   -1.381180740512  -4.250837226936   0.000000000000 Bohr
[INPUT] 16 H     -0.000000000000  -2.365207691955   0.000000000000 AA   -0.000000000000  -4.469594765509   0.000000000000 Bohr
[INPUT] 17 H      0.730889372040  -2.249446187825   0.000000000000 AA    1.381180740512  -4.250837226936   0.000000000000 Bohr
[INPUT] 18 H      1.390234199940  -1.913493218018   0.000000000000 AA    2.627161886890  -3.615978123266   0.000000000000 Bohr
[INPUT] 19 H      1.913493218018  -1.390234199940   0.000000000000 AA    3.615978123266  -2.627161886890   0.000000000000 Bohr
[INPUT] 20 H      2.249446187825  -0.730889372040   0.000000000000 AA    4.250837226936  -1.381180740512   0.000000000000 Bohr

nuclear repulsion = 44.4538000651565
number of shells = 20
number of NR pGTOs = 120
number of NR cGTOs = 20
basis = sto-6g
ecp = {}
CPU time:         4.67
rks_ao.ne_frozen =  0


******** <class 'pydmfet.qcwrap.pyscf_rks_ao.rks_ao'> flags ********
method = rks_ao-RKS-RHF
initial guess = minao
damping factor = 0
level shift factor = 0
DIIS = <class 'pyscf.scf.diis.CDIIS'>
DIIS start cycle = 1
DIIS space = 8
SCF tol = 1e-09
SCF gradient tol = None
max. SCF cycles = 50
direct_scf = False
chkfile to save SCF result = /tigress/xingz/pydmfet/examples/proj/tmpp1u1_274
max_memory 4000 MB (current use 64 MB)
XC functionals = pbe,pbe
small_rho_cutoff = 1e-07
radial grids: 
    Treutler-Ahlrichs (JCP 102, 346 (M4)) radial grids
    
becke partition: Becke, JCP, 88, 2547 (1988)
pruning grids: <function nwchem_prune at 0x2ba6c4e599d8>
grids dens level: 3
symmetrized grids: False
atomic radii adjust function: <function treutler_atomic_radii_adjust at 0x2ba6c4e59950>
Set gradient conv threshold to 3.16228e-05
tot grids = 200480
init E= -10.8898337942983
HOMO:  -0.01151597351427265 LUMO:  -0.011515973514272098
Fermi energy:      -0.0115159735
[2. 2. 2. 2. 2. 2. 2. 2. 2. 1. 1.]
entropy correction =  -0.013862943611198907
cycle= 1 E= -10.5261206153833  delta_E= 0.364  |g|= 6.06e-08  |ddm|= 3.59
HOMO:  0.040054148289473804 LUMO:  0.040054148289474616
Fermi energy:       0.0400541483
[2. 2. 2. 2. 2. 2. 2. 2. 2. 1. 1.]
entropy correction =  -0.013862943611198907
cycle= 2 E= -10.5261206153833  delta_E= -2.13e-14  |g|= 8.58e-09  |ddm|= 1.36e-07
HOMO:  0.04005414828946829 LUMO:  0.04005414828946931
Fermi energy:       0.0400541483
[2. 2. 2. 2. 2. 2. 2. 2. 2. 1. 1.]
entropy correction =  -0.013862943611198907
Extra cycle  E= -10.5261206153833  delta_E= 5.68e-14  |g|= 2.86e-09  |ddm|= 1.85e-08
converged SCF energy = -10.5261206153833


******** <class 'pyscf.lo.pipek.PipekMezey'> flags ********
conv_tol = 1e-06
conv_tol_grad = None
max_cycle = 100
max_stepsize = 0.05
max_iters = 20
kf_interval = 5
kf_trust_region = 5
ah_start_tol = 1000000000.0
ah_start_cycle = 1
ah_level_shift = 0
ah_conv_tol = 1e-12
ah_lindep = 1e-14
ah_max_cycle = 40
ah_trust_region = 3
init_guess = atomic
pop_method = meta_lowdin
Set conv_tol_grad to 0.000316228
macro= 1  f(x)= 0.71158683057007  delta_f= 0.711587  |g|= 0.0707107  1 KF 4 Hx
macro= 2  f(x)= 0.80696299828185  delta_f= 0.0953762  |g|= 0.152393  2 KF 6 Hx
macro= 3  f(x)= 0.89487201075492  delta_f= 0.087909  |g|= 0.0671279  5 KF 25 Hx
macro= 4  f(x)= 0.89999222719275  delta_f= 0.00512022  |g|= 0.0499263  1 KF 3 Hx
macro= 5  f(x)= 0.90000001383144  delta_f= 7.78664e-06  |g|= 0.000127406  2 KF 5 Hx
macro= 6  f(x)= 0.90000001909366  delta_f= 5.26222e-09  |g|= 4.62959e-05  1 KF 1 Hx
macro X = 6  f(x)= 0.90000001909366  |g|= 4.62959e-05  12 intor 12 KF 44 Hx
  sorted Mulliken popupaltion: 1.0 for fully occupied
5.000126e-01 5.000093e-01 5.000088e-01 5.000035e-01 5.000029e-01 
5.000012e-01 4.999914e-01 4.999886e-01 4.999818e-01 
 5 enviroment orbitals kept frozen.
rks_ao.ne_frozen =  10


******** <class 'pydmfet.qcwrap.pyscf_rks_ao.rks_ao'> flags ********
method = rks_ao-RKS-RHF
initial guess = minao
damping factor = 0
level shift factor = 0
DIIS = <class 'pyscf.scf.diis.CDIIS'>
DIIS start cycle = 1
DIIS space = 8
SCF tol = 1e-09
SCF gradient tol = None
max. SCF cycles = 50
direct_scf = False
chkfile to save SCF result = /tigress/xingz/pydmfet/examples/proj/tmpmgjtnh_5
max_memory 4000 MB (current use 116 MB)
XC functionals = pbe,pbe
small_rho_cutoff = 1e-07
radial grids: 
    Treutler-Ahlrichs (JCP 102, 346 (M4)) radial grids
    
becke partition: Becke, JCP, 88, 2547 (1988)
pruning grids: <function nwchem_prune at 0x2ba6c4e599d8>
grids dens level: 3
symmetrized grids: False
atomic radii adjust function: <function treutler_atomic_radii_adjust at 0x2ba6c4e59950>
Set gradient conv threshold to 3.16228e-05
tot grids = 200480
init E= -10.5122577361683
HOMO:  0.040054147036762 LUMO:  0.040054151575799196
Fermi energy:       0.0400541493
[2. 2. 2. 2. 1. 1.]
entropy correction =  -0.013862943611198391
cycle= 1 E= -10.5261206128281  delta_E= -0.0139  |g|= 2.92e-08  |ddm|= 3.03
HOMO:  0.040054145993915644 LUMO:  0.04005414817759655
Fermi energy:       0.0400541471
[2. 2. 2. 2. 1. 1.]
entropy correction =  -0.013862943611198789
cycle= 2 E= -10.5261206108901  delta_E= 1.94e-09  |g|= 2.77e-08  |ddm|= 3.03
HOMO:  0.04005414629833461 LUMO:  0.040054148575729934
Fermi energy:       0.0400541474
[2. 2. 2. 2. 1. 1.]
entropy correction =  -0.01386294361119878
cycle= 3 E= -10.5261206163011  delta_E= -5.41e-09  |g|= 2.66e-08  |ddm|= 3.03
HOMO:  0.04005414642487847 LUMO:  0.04005414925522143
Fermi energy:       0.0400541478
[2. 2. 2. 2. 1. 1.]
entropy correction =  -0.013862943611198705
cycle= 4 E= -10.526120614269  delta_E= 2.03e-09  |g|= 2.62e-08  |ddm|= 3.03
HOMO:  0.040054147688806364 LUMO:  0.040054149080705856
Fermi energy:       0.0400541484
[2. 2. 2. 2. 1. 1.]
entropy correction =  -0.01386294361119886
cycle= 5 E= -10.5261206141257  delta_E= 1.43e-10  |g|= 2.54e-08  |ddm|= 3.03
HOMO:  0.04005414606778702 LUMO:  0.040054150660778526
Fermi energy:       0.0400541484
[2. 2. 2. 2. 1. 1.]
entropy correction =  -0.01386294361119838
Extra cycle  E= -10.5261206183247  delta_E= -4.2e-09  |g|= 2.98e-08  |ddm|= 3.03
converged SCF energy = -10.5261206183247
<class 'pydmfet.qcwrap.pyscf_rks_ao.rks_ao'> does not have attributes  vext_1e coredm add_coredm_ext_energy ne_frozen
level shift energy: 2.950228345476036e-09
|P_frag + P_bath - P_ref| / N =  3.173576777482818e-08
max(P_frag + P_bath - P_ref) =  5.4306975583173767e-08
