#INFO: **** input file is /tigress/xingz/pydmfet/examples/proj/BN.py ****
from pydmfet import proj_ao
from pydmfet.qcwrap.pyscf_rks_ao import rks_ao
from pyscf import gto,scf
import numpy as np
from pyscf.tools import molden
from pyscf import lo
from pyscf.lo import iao,orth
from functools import reduce
import math

bas ='6-31G*'
temp = 0.005

mol = gto.Mole()
mol.atom = open('BN.xyz').read()
mol.basis = bas
mol.charge = -1
mol.build(max_memory = 4000, verbose=4)


#mf = scf.RKS(mol)
mf = rks_ao(mol,smear_sigma = temp)
mf.xc = "pbe,pbe"
mf.max_cycle = 100

DMguess = None
mf.scf(dm0=DMguess)

exit()
natoms = mol.natm
impAtom = np.zeros([natoms], dtype=int)
for i in range(5):
    impAtom[i] = 1


embed = proj_ao.proj_embed(mf,impAtom, Ne_env = 8)
embed.pop_method = 'meta_lowdin'
embed.make_frozen_orbs(norb = 11)
#embed.embedding_potential()
#INFO: ******************** input file end ********************


System: uname_result(system='Linux', node='tigercpu.princeton.edu', release='3.10.0-957.21.2.el7.x86_64', version='#1 SMP Tue Jun 4 15:19:05 EDT 2019', machine='x86_64', processor='x86_64')  Threads 40
Python 3.7.0 (default, Jun 28 2018, 13:15:42) 
[GCC 7.2.0]
numpy 1.16.4  scipy 1.4.0.dev0+0f78e0f
Date: Thu Jul  4 22:01:06 2019
PySCF version 1.5
PySCF path  /home/xingz/.local/lib/python3.7/site-packages/pyscf

[CONFIG] conf_file None
[INPUT] verbose = 4
[INPUT] num. atoms = 71
[INPUT] num. electrons = 338
[INPUT] charge = -1
[INPUT] spin (= nelec alpha-beta = 2S) = 0
[INPUT] symmetry False subgroup None
[INPUT] Mole.unit = angstrom
[INPUT]  1 B      2.518810000000   5.986650000000  -0.020020000000 AA    4.759861059816  11.313128903627  -0.037832317014 Bohr
[INPUT]  2 B     -5.213070000000  -2.830420000000   0.028310000000 AA   -9.851274568186  -5.348718617491   0.053498146586 Bohr
[INPUT]  3 B      1.187690000000   3.743920000000  -0.009710000000 AA    2.244408820885   7.074983432282  -0.018349240670 Bohr
[INPUT]  4 B     -6.499310000000  -0.619160000000   0.026240000000 AA  -12.281915898647  -1.170042827286   0.049586413509 Bohr
[INPUT]  5 B     -1.382510000000  -0.716320000000   0.010570000000 AA   -2.612565264472  -1.353648617548   0.019974405137 Bohr
[INPUT]  6 B     -2.604080000000   5.937220000000  -0.003910000000 AA   -4.920998006457  11.219719741290  -0.007388829147 Bohr
[INPUT]  7 B     -2.703070000000  -2.922930000000   0.020760000000 AA   -5.108061995528  -5.523537181275   0.039230714346 Bohr
[INPUT]  8 B     -0.031180000000   5.973900000000  -0.012050000000 AA   -0.058921660564  11.289034895539  -0.022771199801 Bohr
[INPUT]  9 B      3.714590000000   3.754020000000  -0.017560000000 AA    7.019557765048   7.094069666140  -0.033183590747 Bohr
[INPUT] 10 B     -3.884430000000  -0.697750000000   0.018300000000 AA   -7.340508850044  -1.318556403415   0.034581988080 Bohr
[INPUT] 11 B     -1.422200000000   3.747890000000  -0.001600000000 AA   -2.687568494356   7.082485644996  -0.003023561799 Bohr
[INPUT] 12 B     -5.195580000000   1.577880000000   0.016140000000 AA   -9.818223258268   2.981761057429   0.030500179650 Bohr
[INPUT] 13 B     -2.670170000000   1.521190000000   0.008410000000 AA   -5.045890006030   2.874632483427   0.015892596708 Bohr
[INPUT] 14 B     -3.936390000000   3.783870000000   0.006160000000 AA   -7.438699019477   7.150477990958   0.011640712927 Bohr
[INPUT] 15 B      2.394660000000   1.483400000000  -0.007210000000 AA    4.525251561451   2.803219733180  -0.013624925358 Bohr
[INPUT] 16 B     -0.180380000000  -2.932370000000   0.012970000000 AA   -0.340868798349  -5.541376195891   0.024509747836 Bohr
[INPUT] 17 B      4.982980000000   1.524620000000  -0.015300000000 AA    9.416467484185   2.881114244034  -0.028912809706 Bohr
[INPUT] 18 B      6.227800000000  -0.676800000000  -0.013020000000 AA   11.768836358566  -1.278966641106  -0.024604234142 Bohr
[INPUT] 19 B      1.151510000000  -0.711240000000   0.002700000000 AA    2.176038529698  -1.344048808836   0.005102260536 Bohr
[INPUT] 20 B      2.463860000000  -2.860970000000   0.004620000000 AA    4.656020609271  -5.406449750597   0.008730534695 Bohr
[INPUT] 21 B      5.007400000000  -2.933710000000  -0.003000000000 AA    9.462614596147  -5.543908428898  -0.005669178374 Bohr
[INPUT] 22 B      3.731040000000  -0.668540000000  -0.005360000000 AA    7.050643759797  -1.263357503317  -0.010128932028 Bohr
[INPUT] 23 N      3.704440000000   5.276800000000  -0.021740000000 AA    7.000377044884   9.971706814105  -0.041082645948 Bohr
[INPUT] 24 N     -3.893470000000  -3.621740000000   0.026390000000 AA   -7.357591974210  -6.844096694382   0.049869872427 Bohr
[INPUT] 25 N      1.172430000000   5.267000000000  -0.013850000000 AA    2.215571600224   9.953187498084  -0.026172706825 Bohr
[INPUT] 26 N     -5.209000000000  -1.437960000000   0.024470000000 AA   -9.843583382859  -2.717350578080   0.046241598268 Bohr
[INPUT] 27 N     -0.118580000000   2.981700000000  -0.003560000000 AA   -0.224083723851   5.634596385616  -0.006727425003 Bohr
[INPUT] 28 N     -6.486430000000   0.766550000000   0.022400000000 AA  -12.257576226163   1.448569560785   0.042329865190 Bohr
[INPUT] 29 N     -1.350220000000   0.783850000000   0.006320000000 AA   -2.551546007910   1.481261822740   0.011943069107 Bohr
[INPUT] 30 N     -3.931970000000   5.165680000000   0.002360000000 AA   -7.430346430006   9.761720447143   0.004459753654 Bohr
[INPUT] 31 N     -2.708350000000  -1.416770000000   0.016620000000 AA   -5.118039749466  -2.677307281500   0.031407248190 Bohr
[INPUT] 32 N     -1.394690000000   5.259560000000  -0.005830000000 AA   -2.635582128670   9.939127935717  -0.011017103306 Bohr
[INPUT] 33 N      2.381170000000   3.019190000000  -0.011410000000 AA    4.499759156031   5.705442218026  -0.021561775081 Bohr
[INPUT] 34 N     -1.364910000000  -3.641370000000   0.018600000000 AA   -2.579306084680  -6.881192018207   0.035148905917 Bohr
[INPUT] 35 N      4.917190000000   3.055950000000  -0.019340000000 AA    9.292142402450   5.774908550365  -0.036547303249 Bohr
[INPUT] 36 N     -3.867370000000   0.832430000000   0.014040000000 AA   -7.308270122359   1.573064717872   0.026531754789 Bohr
[INPUT] 37 N     -2.623470000000   3.045330000000   0.004080000000 AA   -4.957639796013   5.754839658922   0.007710082588 Bohr
[INPUT] 38 N     -5.230270000000   2.968830000000   0.012440000000 AA   -9.883777857529   5.610275610392   0.023508192990 Bohr
[INPUT] 39 N      1.223080000000   0.786570000000  -0.001670000000 AA    2.311286228433   1.486401877799  -0.003155842628 Bohr
[INPUT] 40 N      1.157260000000  -3.661450000000   0.010870000000 AA    2.186904454914  -6.919137718789   0.020541322974 Bohr
[INPUT] 41 N      3.701140000000   0.722710000000  -0.009130000000 AA    6.994140948673   1.365723967484  -0.017253199517 Bohr
[INPUT] 42 N     -0.192540000000  -1.420660000000   0.008820000000 AA   -0.363847868024  -2.684658316125   0.016667384419 Bohr
[INPUT] 43 N      6.190790000000   0.854540000000  -0.017160000000 AA   11.698897594696   1.614846562486  -0.032427700298 Bohr
[INPUT] 44 N      3.791850000000  -3.609820000000   0.002610000000 AA    7.165558005432  -6.821571158977   0.004932185185 Bohr
[INPUT] 45 N      5.050980000000  -1.404940000000  -0.007380000000 AA    9.544968860656  -2.654951821446  -0.013946178799 Bohr
[INPUT] 46 N      2.443810000000  -1.479540000000   0.000850000000 AA    4.618131600473  -2.795925390339   0.001606267206 Bohr
[INPUT] 47 B     -3.876660000000  -5.155530000000   0.030570000000 AA   -7.325825678056  -9.742539726979   0.057768927628 Bohr
[INPUT] 48 B     -1.351410000000  -5.147300000000   0.022730000000 AA   -2.553794781998  -9.726987280974   0.042953474811 Bohr
[INPUT] 49 B      1.177540000000  -5.045040000000   0.014650000000 AA    2.225228100720  -9.533743887476   0.027684487725 Bohr
[INPUT] 50 B      3.724880000000  -5.131780000000   0.007050000000 AA    7.039003046870  -9.697658731520   0.013322569178 Bohr
[INPUT] 51 N     -2.688100000000  -5.869910000000   0.028870000000 AA   -5.079772795443 -11.092522275846   0.054556393216 Bohr
[INPUT] 52 N     -0.144280000000  -5.824230000000   0.020880000000 AA   -0.272649685252 -11.006199586476   0.039457481481 Bohr
[INPUT] 53 N      2.509050000000  -5.789700000000   0.012610000000 AA    4.741417332840 -10.940947343394   0.023829446431 Bohr
[INPUT] 54 H      2.556380000000   7.169780000000  -0.023410000000 AA    4.830858070316  13.548920573384  -0.044238488576 Bohr
[INPUT] 55 H     -6.239990000000  -3.420170000000   0.033130000000 AA  -11.791872120025  -6.463184599454   0.062606626507 Bohr
[INPUT] 56 H     -7.542510000000  -1.178510000000   0.031030000000 AA  -14.253278191793  -2.227061135061   0.058638201645 Bohr
[INPUT] 57 H     -2.626660000000   7.120120000000  -0.007080000000 AA   -4.963668022350  13.455076774038  -0.013379260962 Bohr
[INPUT] 58 H     -0.011050000000   7.158920000000  -0.015370000000 AA   -0.020881473676  13.528398147671  -0.029045090535 Bohr
[INPUT] 59 H      7.274320000000  -1.228750000000  -0.014710000000 AA   13.746472542446  -2.322000975559  -0.027797871292 Bohr
[INPUT] 60 H      6.024070000000  -3.542710000000  -0.004440000000 AA   11.383842455209  -6.694751638758  -0.008390383993 Bohr
[INPUT] 61 H     -4.901460000000  -5.746010000000   0.035380000000 AA   -9.262417010511 -10.858385209012   0.066858510287 Bohr
[INPUT] 62 H      4.723570000000  -5.767360000000   0.005740000000 AA    8.926253630212 -10.898730861772   0.010847027955 Bohr
[INPUT] 63 H     -4.821030000000   5.685230000000   0.003710000000 AA   -9.110426338312  10.743527655161   0.007010883922 Bohr
[INPUT] 64 H      4.597630000000   5.789740000000  -0.025930000000 AA    8.688261522084  10.941022932439  -0.049000598410 Bohr
[INPUT] 65 H      5.801150000000   3.584770000000  -0.023530000000 AA   10.962584707521   6.774233519557  -0.044465255711 Bohr
[INPUT] 66 H     -6.136410000000   3.458520000000   0.013920000000 AA  -11.596134288042   6.535655596331   0.026304987654 Bohr
[INPUT] 67 H     -7.386050000000   1.268180000000   0.023830000000 AA  -13.957611642344   2.396512876651   0.045032173548 Bohr
[INPUT] 68 H      7.075010000000   1.382330000000  -0.021340000000 AA   13.369831228559   2.612225113770  -0.040326755498 Bohr
[INPUT] 69 H     -2.712870000000  -6.899530000000   0.031790000000 AA   -5.126581311549 -13.038222088220   0.060074393500 Bohr
[INPUT] 70 H     -0.130210000000  -6.853960000000   0.023700000000 AA   -0.246061238680 -12.952107268724   0.044786509152 Bohr
[INPUT] 71 H      2.500010000000  -6.819480000000   0.015500000000 AA    4.724334208674 -12.886949511949   0.029290754931 Bohr

nuclear repulsion = 5974.32016546861
number of shells = 354
number of NR pGTOs = 1503
number of NR cGTOs = 778
basis = 6-31G*
ecp = {}
CPU time:         4.31
rks_ao.ne_frozen =  0


******** <class 'pydmfet.qcwrap.pyscf_rks_ao.rks_ao'> flags ********
method = rks_ao-RKS-RHF
initial guess = minao
damping factor = 0
level shift factor = 0
DIIS = <class 'pyscf.scf.diis.CDIIS'>
DIIS start cycle = 1
DIIS space = 8
SCF tol = 1e-09
SCF gradient tol = None
max. SCF cycles = 100
direct_scf = False
chkfile to save SCF result = /tigress/xingz/pydmfet/examples/proj/tmpw4703nrc
max_memory 4000 MB (current use 68 MB)
XC functionals = pbe,pbe
small_rho_cutoff = 1e-07
radial grids: 
    Treutler-Ahlrichs (JCP 102, 346 (M4)) radial grids
    
becke partition: Becke, JCP, 88, 2547 (1988)
pruning grids: <function nwchem_prune at 0x2b13970f69d8>
grids dens level: 3
symmetrized grids: False
atomic radii adjust function: <function treutler_atomic_radii_adjust at 0x2b13970f6950>
Set gradient conv threshold to 3.16228e-05
tot grids = 910830
init E= -2141.7021467084
HOMO:  -0.2886267732174515 LUMO:  -0.2775928873052514
Fermi energy:      -0.2811394693
[2.     2.     2.     2.     2.     2.     2.     2.     2.     2.
 2.     2.     2.     2.     2.     2.     2.     2.     2.     2.
 2.     2.     2.     2.     2.     2.     2.     2.     2.     2.
 2.     2.     2.     2.     2.     2.     2.     2.     2.     2.
 2.     2.     2.     2.     2.     2.     2.     2.     2.     2.
 2.     2.     2.     2.     2.     2.     2.     2.     2.     2.
 2.     2.     2.     2.     2.     2.     2.     2.     2.     2.
 2.     2.     2.     2.     2.     2.     2.     2.     2.     2.
 2.     2.     2.     2.     2.     2.     2.     2.     2.     2.
 2.     2.     2.     2.     2.     2.     2.     2.     2.     2.
 2.     2.     2.     2.     2.     2.     2.     2.     2.     2.
 2.     2.     2.     2.     2.     2.     2.     2.     2.     2.
 2.     2.     2.     2.     2.     2.     2.     2.     2.     2.
 2.     2.     2.     2.     2.     2.     2.     2.     2.     2.
 2.     2.     2.     2.     2.     2.     2.     2.     2.     2.
 2.     2.     2.     2.     2.     2.     2.     2.     2.     2.
 2.     1.9998 1.9996 1.9994 1.9985 1.9939 1.9136 1.8013 1.6344 0.6595]
entropy correction =  -0.016439502078193842
cycle= 1 E= -2134.24440523864  delta_E= 7.46  |g|= 1.78  |ddm|= 9.97
HOMO:  0.11568321338325545 LUMO:  0.12550404339335283
Fermi energy:       0.1179818339
[2.0000e+00 2.0000e+00 2.0000e+00 2.0000e+00 2.0000e+00 2.0000e+00
 2.0000e+00 2.0000e+00 2.0000e+00 2.0000e+00 2.0000e+00 2.0000e+00
 2.0000e+00 2.0000e+00 2.0000e+00 2.0000e+00 2.0000e+00 2.0000e+00
 2.0000e+00 2.0000e+00 2.0000e+00 2.0000e+00 2.0000e+00 2.0000e+00
 2.0000e+00 2.0000e+00 2.0000e+00 2.0000e+00 2.0000e+00 2.0000e+00
 2.0000e+00 2.0000e+00 2.0000e+00 2.0000e+00 2.0000e+00 2.0000e+00
 2.0000e+00 2.0000e+00 2.0000e+00 2.0000e+00 2.0000e+00 2.0000e+00
 2.0000e+00 2.0000e+00 2.0000e+00 2.0000e+00 2.0000e+00 2.0000e+00
 2.0000e+00 2.0000e+00 2.0000e+00 2.0000e+00 2.0000e+00 2.0000e+00
 2.0000e+00 2.0000e+00 2.0000e+00 2.0000e+00 2.0000e+00 2.0000e+00
 2.0000e+00 2.0000e+00 2.0000e+00 2.0000e+00 2.0000e+00 2.0000e+00
 2.0000e+00 2.0000e+00 2.0000e+00 2.0000e+00 2.0000e+00 2.0000e+00
 2.0000e+00 2.0000e+00 2.0000e+00 2.0000e+00 2.0000e+00 2.0000e+00
 2.0000e+00 2.0000e+00 2.0000e+00 2.0000e+00 2.0000e+00 2.0000e+00
 2.0000e+00 2.0000e+00 2.0000e+00 2.0000e+00 2.0000e+00 2.0000e+00
 2.0000e+00 2.0000e+00 2.0000e+00 2.0000e+00 2.0000e+00 2.0000e+00
 2.0000e+00 2.0000e+00 2.0000e+00 2.0000e+00 2.0000e+00 2.0000e+00
 2.0000e+00 2.0000e+00 2.0000e+00 2.0000e+00 2.0000e+00 2.0000e+00
 2.0000e+00 2.0000e+00 2.0000e+00 2.0000e+00 2.0000e+00 2.0000e+00
 2.0000e+00 2.0000e+00 2.0000e+00 2.0000e+00 2.0000e+00 2.0000e+00
 2.0000e+00 2.0000e+00 2.0000e+00 2.0000e+00 2.0000e+00 2.0000e+00
 2.0000e+00 2.0000e+00 2.0000e+00 2.0000e+00 2.0000e+00 2.0000e+00
 2.0000e+00 2.0000e+00 2.0000e+00 2.0000e+00 2.0000e+00 2.0000e+00
 2.0000e+00 2.0000e+00 2.0000e+00 2.0000e+00 2.0000e+00 2.0000e+00
 2.0000e+00 2.0000e+00 2.0000e+00 2.0000e+00 2.0000e+00 2.0000e+00
 2.0000e+00 2.0000e+00 2.0000e+00 2.0000e+00 2.0000e+00 2.0000e+00
 2.0000e+00 2.0000e+00 2.0000e+00 2.0000e+00 2.0000e+00 2.0000e+00
 2.0000e+00 2.0000e+00 2.0000e+00 2.0000e+00 1.9819e+00 1.8955e+00
 1.2259e+00 3.6353e-01 3.1275e-01 1.5144e-01 2.7964e-02 2.1690e-02
 6.8966e-03 5.4172e-03 3.2345e-03 2.8166e-03 9.5637e-04]
entropy correction =  -0.02303568211917306
cycle= 2 E= -2128.20562785933  delta_E= 6.04  |g|= 4.69  |ddm|= 5.64
HOMO:  -0.07469341734619034 LUMO:  -0.05034380540389064
Fermi energy:      -0.0609434217
[2.     2.     2.     2.     2.     2.     2.     2.     2.     2.
 2.     2.     2.     2.     2.     2.     2.     2.     2.     2.
 2.     2.     2.     2.     2.     2.     2.     2.     2.     2.
 2.     2.     2.     2.     2.     2.     2.     2.     2.     2.
 2.     2.     2.     2.     2.     2.     2.     2.     2.     2.
 2.     2.     2.     2.     2.     2.     2.     2.     2.     2.
 2.     2.     2.     2.     2.     2.     2.     2.     2.     2.
 2.     2.     2.     2.     2.     2.     2.     2.     2.     2.
 2.     2.     2.     2.     2.     2.     2.     2.     2.     2.
 2.     2.     2.     2.     2.     2.     2.     2.     2.     2.
 2.     2.     2.     2.     2.     2.     2.     2.     2.     2.
 2.     2.     2.     2.     2.     2.     2.     2.     2.     2.
 2.     2.     2.     2.     2.     2.     2.     2.     2.     2.
 2.     2.     2.     2.     2.     2.     2.     2.     2.     2.
 2.     2.     2.     2.     2.     2.     2.     2.     2.     2.
 2.     2.     2.     2.     2.     2.     2.     2.     2.     2.
 2.     1.9999 1.9999 1.9997 1.9994 1.9993 1.9933 1.9145 1.8798 0.2144]
entropy correction =  -0.007761392265541487
cycle= 3 E= -2132.35782537975  delta_E= -4.15  |g|= 2.83  |ddm|= 5.21
HOMO:  -0.014296873426154308 LUMO:  0.014078488814961208
Fermi energy:      -0.0000973875
[2.     2.     2.     2.     2.     2.     2.     2.     2.     2.
 2.     2.     2.     2.     2.     2.     2.     2.     2.     2.
 2.     2.     2.     2.     2.     2.     2.     2.     2.     2.
 2.     2.     2.     2.     2.     2.     2.     2.     2.     2.
 2.     2.     2.     2.     2.     2.     2.     2.     2.     2.
 2.     2.     2.     2.     2.     2.     2.     2.     2.     2.
 2.     2.     2.     2.     2.     2.     2.     2.     2.     2.
 2.     2.     2.     2.     2.     2.     2.     2.     2.     2.
 2.     2.     2.     2.     2.     2.     2.     2.     2.     2.
 2.     2.     2.     2.     2.     2.     2.     2.     2.     2.
 2.     2.     2.     2.     2.     2.     2.     2.     2.     2.
 2.     2.     2.     2.     2.     2.     2.     2.     2.     2.
 2.     2.     2.     2.     2.     2.     2.     2.     2.     2.
 2.     2.     2.     2.     2.     2.     2.     2.     2.     2.
 2.     2.     2.     2.     2.     2.     2.     2.     2.     2.
 2.     2.     2.     2.     2.     2.     2.     2.     2.     2.
 2.     2.     2.     2.     2.     2.     2.     1.9995 1.8896 0.1109]
entropy correction =  -0.004304901544547154
cycle= 4 E= -2134.60530380287  delta_E= -2.25  |g|= 1.12  |ddm|= 2.57
HOMO:  -0.05392326331231554 LUMO:  -0.024915281760914492
Fermi energy:      -0.0390050648
[2.     2.     2.     2.     2.     2.     2.     2.     2.     2.
 2.     2.     2.     2.     2.     2.     2.     2.     2.     2.
 2.     2.     2.     2.     2.     2.     2.     2.     2.     2.
 2.     2.     2.     2.     2.     2.     2.     2.     2.     2.
 2.     2.     2.     2.     2.     2.     2.     2.     2.     2.
 2.     2.     2.     2.     2.     2.     2.     2.     2.     2.
 2.     2.     2.     2.     2.     2.     2.     2.     2.     2.
 2.     2.     2.     2.     2.     2.     2.     2.     2.     2.
 2.     2.     2.     2.     2.     2.     2.     2.     2.     2.
 2.     2.     2.     2.     2.     2.     2.     2.     2.     2.
 2.     2.     2.     2.     2.     2.     2.     2.     2.     2.
 2.     2.     2.     2.     2.     2.     2.     2.     2.     2.
 2.     2.     2.     2.     2.     2.     2.     2.     2.     2.
 2.     2.     2.     2.     2.     2.     2.     2.     2.     2.
 2.     2.     2.     2.     2.     2.     2.     2.     2.     2.
 2.     2.     2.     2.     2.     2.     2.     2.     2.     2.
 2.     2.     2.     2.     2.     2.     1.9996 1.984  1.9037 0.1127]
entropy correction =  -0.004583444419730281
cycle= 5 E= -2134.68173338631  delta_E= -0.0764  |g|= 1.05  |ddm|= 2.35
HOMO:  -0.05118235109416898 LUMO:  -0.02729397153261245
Fermi energy:      -0.0376761184
[2.     2.     2.     2.     2.     2.     2.     2.     2.     2.
 2.     2.     2.     2.     2.     2.     2.     2.     2.     2.
 2.     2.     2.     2.     2.     2.     2.     2.     2.     2.
 2.     2.     2.     2.     2.     2.     2.     2.     2.     2.
 2.     2.     2.     2.     2.     2.     2.     2.     2.     2.
 2.     2.     2.     2.     2.     2.     2.     2.     2.     2.
 2.     2.     2.     2.     2.     2.     2.     2.     2.     2.
 2.     2.     2.     2.     2.     2.     2.     2.     2.     2.
 2.     2.     2.     2.     2.     2.     2.     2.     2.     2.
 2.     2.     2.     2.     2.     2.     2.     2.     2.     2.
 2.     2.     2.     2.     2.     2.     2.     2.     2.     2.
 2.     2.     2.     2.     2.     2.     2.     2.     2.     2.
 2.     2.     2.     2.     2.     2.     2.     2.     2.     2.
 2.     2.     2.     2.     2.     2.     2.     2.     2.     2.
 2.     2.     2.     2.     2.     2.     2.     2.     2.     2.
 2.     2.     2.     2.     2.     2.     2.     2.     2.     2.
 2.     2.     2.     2.     2.     1.9999 1.9997 1.9034 1.8742 0.2228]
entropy correction =  -0.0077994703519199
cycle= 6 E= -2134.82128842141  delta_E= -0.14  |g|= 0.775  |ddm|= 2.16
HOMO:  -0.05152315071667238 LUMO:  -0.023666146981988736
Fermi energy:      -0.0361210024
[2.     2.     2.     2.     2.     2.     2.     2.     2.     2.
 2.     2.     2.     2.     2.     2.     2.     2.     2.     2.
 2.     2.     2.     2.     2.     2.     2.     2.     2.     2.
 2.     2.     2.     2.     2.     2.     2.     2.     2.     2.
 2.     2.     2.     2.     2.     2.     2.     2.     2.     2.
 2.     2.     2.     2.     2.     2.     2.     2.     2.     2.
 2.     2.     2.     2.     2.     2.     2.     2.     2.     2.
 2.     2.     2.     2.     2.     2.     2.     2.     2.     2.
 2.     2.     2.     2.     2.     2.     2.     2.     2.     2.
 2.     2.     2.     2.     2.     2.     2.     2.     2.     2.
 2.     2.     2.     2.     2.     2.     2.     2.     2.     2.
 2.     2.     2.     2.     2.     2.     2.     2.     2.     2.
 2.     2.     2.     2.     2.     2.     2.     2.     2.     2.
 2.     2.     2.     2.     2.     2.     2.     2.     2.     2.
 2.     2.     2.     2.     2.     2.     2.     2.     2.     2.
 2.     2.     2.     2.     2.     2.     2.     2.     2.     2.
 2.     2.     2.     2.     2.     2.     1.987  1.9478 1.9122 0.153 ]
entropy correction =  -0.0061035515027559745
cycle= 7 E= -2134.84297322273  delta_E= -0.0217  |g|= 0.721  |ddm|= 1.77
HOMO:  -0.045999715179791886 LUMO:  -0.03956863489351127
Fermi energy:      -0.0426735670
[2.     2.     2.     2.     2.     2.     2.     2.     2.     2.
 2.     2.     2.     2.     2.     2.     2.     2.     2.     2.
 2.     2.     2.     2.     2.     2.     2.     2.     2.     2.
 2.     2.     2.     2.     2.     2.     2.     2.     2.     2.
 2.     2.     2.     2.     2.     2.     2.     2.     2.     2.
 2.     2.     2.     2.     2.     2.     2.     2.     2.     2.
 2.     2.     2.     2.     2.     2.     2.     2.     2.     2.
 2.     2.     2.     2.     2.     2.     2.     2.     2.     2.
 2.     2.     2.     2.     2.     2.     2.     2.     2.     2.
 2.     2.     2.     2.     2.     2.     2.     2.     2.     2.
 2.     2.     2.     2.     2.     2.     2.     2.     2.     2.
 2.     2.     2.     2.     2.     2.     2.     2.     2.     2.
 2.     2.     2.     2.     2.     2.     2.     2.     2.     2.
 2.     2.     2.     2.     2.     2.     2.     2.     2.     2.
 2.     2.     2.     2.     2.     2.     2.     2.     2.     2.
 2.     2.     2.     2.     2.     2.     2.     2.     2.     2.
 2.     2.     2.     2.     2.     1.9994 1.9965 1.9841 1.3209 0.6991]
entropy correction =  -0.013497975721089578
cycle= 8 E= -2134.97665432895  delta_E= -0.134  |g|= 0.354  |ddm|= 1.49
HOMO:  -0.0428397086593327 LUMO:  -0.034089966173301435
Fermi energy:      -0.0381823329
[2.     2.     2.     2.     2.     2.     2.     2.     2.     2.
 2.     2.     2.     2.     2.     2.     2.     2.     2.     2.
 2.     2.     2.     2.     2.     2.     2.     2.     2.     2.
 2.     2.     2.     2.     2.     2.     2.     2.     2.     2.
 2.     2.     2.     2.     2.     2.     2.     2.     2.     2.
 2.     2.     2.     2.     2.     2.     2.     2.     2.     2.
 2.     2.     2.     2.     2.     2.     2.     2.     2.     2.
 2.     2.     2.     2.     2.     2.     2.     2.     2.     2.
 2.     2.     2.     2.     2.     2.     2.     2.     2.     2.
 2.     2.     2.     2.     2.     2.     2.     2.     2.     2.
 2.     2.     2.     2.     2.     2.     2.     2.     2.     2.
 2.     2.     2.     2.     2.     2.     2.     2.     2.     2.
 2.     2.     2.     2.     2.     2.     2.     2.     2.     2.
 2.     2.     2.     2.     2.     2.     2.     2.     2.     2.
 2.     2.     2.     2.     2.     2.     2.     2.     2.     2.
 2.     2.     2.     2.     2.     2.     2.     2.     2.     2.
 2.     2.     2.     2.     2.     1.9998 1.9781 1.9751 1.4347 0.6122]
entropy correction =  -0.013394567283636192
cycle= 9 E= -2135.00552732089  delta_E= -0.0289  |g|= 0.223  |ddm|= 0.885
HOMO:  -0.03771327585289456 LUMO:  -0.035478183894283935
Fermi energy:      -0.0364505360
[2.     2.     2.     2.     2.     2.     2.     2.     2.     2.
 2.     2.     2.     2.     2.     2.     2.     2.     2.     2.
 2.     2.     2.     2.     2.     2.     2.     2.     2.     2.
 2.     2.     2.     2.     2.     2.     2.     2.     2.     2.
 2.     2.     2.     2.     2.     2.     2.     2.     2.     2.
 2.     2.     2.     2.     2.     2.     2.     2.     2.     2.
 2.     2.     2.     2.     2.     2.     2.     2.     2.     2.
 2.     2.     2.     2.     2.     2.     2.     2.     2.     2.
 2.     2.     2.     2.     2.     2.     2.     2.     2.     2.
 2.     2.     2.     2.     2.     2.     2.     2.     2.     2.
 2.     2.     2.     2.     2.     2.     2.     2.     2.     2.
 2.     2.     2.     2.     2.     2.     2.     2.     2.     2.
 2.     2.     2.     2.     2.     2.     2.     2.     2.     2.
 2.     2.     2.     2.     2.     2.     2.     2.     2.     2.
 2.     2.     2.     2.     2.     2.     2.     2.     2.     2.
 2.     2.     2.     2.     2.     2.     2.     2.     2.     2.
 2.     2.     2.     2.     2.     1.9998 1.9882 1.9834 1.1256 0.9031]
entropy correction =  -0.014591953160092269
cycle= 10 E= -2135.02273265657  delta_E= -0.0172  |g|= 0.0656  |ddm|= 0.386
HOMO:  -0.03847008750712558 LUMO:  -0.03520060054275536
Fermi energy:      -0.0366534120
[2.     2.     2.     2.     2.     2.     2.     2.     2.     2.
 2.     2.     2.     2.     2.     2.     2.     2.     2.     2.
 2.     2.     2.     2.     2.     2.     2.     2.     2.     2.
 2.     2.     2.     2.     2.     2.     2.     2.     2.     2.
 2.     2.     2.     2.     2.     2.     2.     2.     2.     2.
 2.     2.     2.     2.     2.     2.     2.     2.     2.     2.
 2.     2.     2.     2.     2.     2.     2.     2.     2.     2.
 2.     2.     2.     2.     2.     2.     2.     2.     2.     2.
 2.     2.     2.     2.     2.     2.     2.     2.     2.     2.
 2.     2.     2.     2.     2.     2.     2.     2.     2.     2.
 2.     2.     2.     2.     2.     2.     2.     2.     2.     2.
 2.     2.     2.     2.     2.     2.     2.     2.     2.     2.
 2.     2.     2.     2.     2.     2.     2.     2.     2.     2.
 2.     2.     2.     2.     2.     2.     2.     2.     2.     2.
 2.     2.     2.     2.     2.     2.     2.     2.     2.     2.
 2.     2.     2.     2.     2.     2.     2.     2.     2.     2.
 2.     2.     2.     2.     2.     1.9997 1.9892 1.9756 1.1797 0.8557]
entropy correction =  -0.014602911881774405
cycle= 11 E= -2135.02394042985  delta_E= -0.00121  |g|= 0.0291  |ddm|= 0.103
HOMO:  -0.034782841268280885 LUMO:  -0.031495382529382124
Fermi energy:      -0.0329853342
[2.     2.     2.     2.     2.     2.     2.     2.     2.     2.
 2.     2.     2.     2.     2.     2.     2.     2.     2.     2.
 2.     2.     2.     2.     2.     2.     2.     2.     2.     2.
 2.     2.     2.     2.     2.     2.     2.     2.     2.     2.
 2.     2.     2.     2.     2.     2.     2.     2.     2.     2.
 2.     2.     2.     2.     2.     2.     2.     2.     2.     2.
 2.     2.     2.     2.     2.     2.     2.     2.     2.     2.
 2.     2.     2.     2.     2.     2.     2.     2.     2.     2.
 2.     2.     2.     2.     2.     2.     2.     2.     2.     2.
 2.     2.     2.     2.     2.     2.     2.     2.     2.     2.
 2.     2.     2.     2.     2.     2.     2.     2.     2.     2.
 2.     2.     2.     2.     2.     2.     2.     2.     2.     2.
 2.     2.     2.     2.     2.     2.     2.     2.     2.     2.
 2.     2.     2.     2.     2.     2.     2.     2.     2.     2.
 2.     2.     2.     2.     2.     2.     2.     2.     2.     2.
 2.     2.     2.     2.     2.     2.     2.     2.     2.     2.
 2.     2.     2.     2.     2.     1.9998 1.9907 1.9796 1.1778 0.8521]
entropy correction =  -0.014470527791406786
cycle= 12 E= -2135.02407200901  delta_E= -0.000132  |g|= 0.0257  |ddm|= 0.05
HOMO:  -0.03709230316364587 LUMO:  -0.03331389479715725
Fermi energy:      -0.0350289077
[2.     2.     2.     2.     2.     2.     2.     2.     2.     2.
 2.     2.     2.     2.     2.     2.     2.     2.     2.     2.
 2.     2.     2.     2.     2.     2.     2.     2.     2.     2.
 2.     2.     2.     2.     2.     2.     2.     2.     2.     2.
 2.     2.     2.     2.     2.     2.     2.     2.     2.     2.
 2.     2.     2.     2.     2.     2.     2.     2.     2.     2.
 2.     2.     2.     2.     2.     2.     2.     2.     2.     2.
 2.     2.     2.     2.     2.     2.     2.     2.     2.     2.
 2.     2.     2.     2.     2.     2.     2.     2.     2.     2.
 2.     2.     2.     2.     2.     2.     2.     2.     2.     2.
 2.     2.     2.     2.     2.     2.     2.     2.     2.     2.
 2.     2.     2.     2.     2.     2.     2.     2.     2.     2.
 2.     2.     2.     2.     2.     2.     2.     2.     2.     2.
 2.     2.     2.     2.     2.     2.     2.     2.     2.     2.
 2.     2.     2.     2.     2.     2.     2.     2.     2.     2.
 2.     2.     2.     2.     2.     2.     2.     2.     2.     2.
 2.     2.     2.     2.     2.     1.9998 1.9894 1.9772 1.2035 0.8302]
entropy correction =  -0.014474466729883489
cycle= 13 E= -2135.02418950501  delta_E= -0.000117  |g|= 0.0116  |ddm|= 0.0376
HOMO:  -0.03692094646000089 LUMO:  -0.03343492702076208
Fermi energy:      -0.0350082970
[2.     2.     2.     2.     2.     2.     2.     2.     2.     2.
 2.     2.     2.     2.     2.     2.     2.     2.     2.     2.
 2.     2.     2.     2.     2.     2.     2.     2.     2.     2.
 2.     2.     2.     2.     2.     2.     2.     2.     2.     2.
 2.     2.     2.     2.     2.     2.     2.     2.     2.     2.
 2.     2.     2.     2.     2.     2.     2.     2.     2.     2.
 2.     2.     2.     2.     2.     2.     2.     2.     2.     2.
 2.     2.     2.     2.     2.     2.     2.     2.     2.     2.
 2.     2.     2.     2.     2.     2.     2.     2.     2.     2.
 2.     2.     2.     2.     2.     2.     2.     2.     2.     2.
 2.     2.     2.     2.     2.     2.     2.     2.     2.     2.
 2.     2.     2.     2.     2.     2.     2.     2.     2.     2.
 2.     2.     2.     2.     2.     2.     2.     2.     2.     2.
 2.     2.     2.     2.     2.     2.     2.     2.     2.     2.
 2.     2.     2.     2.     2.     2.     2.     2.     2.     2.
 2.     2.     2.     2.     2.     2.     2.     2.     2.     2.
 2.     2.     2.     2.     2.     1.9998 1.9896 1.9777 1.189  0.8439]
entropy correction =  -0.014509658758646635
cycle= 14 E= -2135.02424175042  delta_E= -5.22e-05  |g|= 0.0016  |ddm|= 0.0186
HOMO:  -0.036978226927980654 LUMO:  -0.03347462668279323
Fermi energy:      -0.0350560806
[2.     2.     2.     2.     2.     2.     2.     2.     2.     2.
 2.     2.     2.     2.     2.     2.     2.     2.     2.     2.
 2.     2.     2.     2.     2.     2.     2.     2.     2.     2.
 2.     2.     2.     2.     2.     2.     2.     2.     2.     2.
 2.     2.     2.     2.     2.     2.     2.     2.     2.     2.
 2.     2.     2.     2.     2.     2.     2.     2.     2.     2.
 2.     2.     2.     2.     2.     2.     2.     2.     2.     2.
 2.     2.     2.     2.     2.     2.     2.     2.     2.     2.
 2.     2.     2.     2.     2.     2.     2.     2.     2.     2.
 2.     2.     2.     2.     2.     2.     2.     2.     2.     2.
 2.     2.     2.     2.     2.     2.     2.     2.     2.     2.
 2.     2.     2.     2.     2.     2.     2.     2.     2.     2.
 2.     2.     2.     2.     2.     2.     2.     2.     2.     2.
 2.     2.     2.     2.     2.     2.     2.     2.     2.     2.
 2.     2.     2.     2.     2.     2.     2.     2.     2.     2.
 2.     2.     2.     2.     2.     2.     2.     2.     2.     2.
 2.     2.     2.     2.     2.     1.9998 1.9896 1.9776 1.1899 0.8432]
entropy correction =  -0.014509593534717986
cycle= 15 E= -2135.02424243126  delta_E= -6.81e-07  |g|= 0.000824  |ddm|= 0.00286
HOMO:  -0.03697439347892996 LUMO:  -0.033495748767451705
Fermi energy:      -0.0350650471
[2.     2.     2.     2.     2.     2.     2.     2.     2.     2.
 2.     2.     2.     2.     2.     2.     2.     2.     2.     2.
 2.     2.     2.     2.     2.     2.     2.     2.     2.     2.
 2.     2.     2.     2.     2.     2.     2.     2.     2.     2.
 2.     2.     2.     2.     2.     2.     2.     2.     2.     2.
 2.     2.     2.     2.     2.     2.     2.     2.     2.     2.
 2.     2.     2.     2.     2.     2.     2.     2.     2.     2.
 2.     2.     2.     2.     2.     2.     2.     2.     2.     2.
 2.     2.     2.     2.     2.     2.     2.     2.     2.     2.
 2.     2.     2.     2.     2.     2.     2.     2.     2.     2.
 2.     2.     2.     2.     2.     2.     2.     2.     2.     2.
 2.     2.     2.     2.     2.     2.     2.     2.     2.     2.
 2.     2.     2.     2.     2.     2.     2.     2.     2.     2.
 2.     2.     2.     2.     2.     2.     2.     2.     2.     2.
 2.     2.     2.     2.     2.     2.     2.     2.     2.     2.
 2.     2.     2.     2.     2.     2.     2.     2.     2.     2.
 2.     2.     2.     2.     2.     1.9998 1.9895 1.9777 1.1886 0.8443]
entropy correction =  -0.014512845610084587
cycle= 16 E= -2135.02424260109  delta_E= -1.7e-07  |g|= 0.00044  |ddm|= 0.00167
HOMO:  -0.036979478173010005 LUMO:  -0.03349449072239525
Fermi energy:      -0.0350668392
[2.     2.     2.     2.     2.     2.     2.     2.     2.     2.
 2.     2.     2.     2.     2.     2.     2.     2.     2.     2.
 2.     2.     2.     2.     2.     2.     2.     2.     2.     2.
 2.     2.     2.     2.     2.     2.     2.     2.     2.     2.
 2.     2.     2.     2.     2.     2.     2.     2.     2.     2.
 2.     2.     2.     2.     2.     2.     2.     2.     2.     2.
 2.     2.     2.     2.     2.     2.     2.     2.     2.     2.
 2.     2.     2.     2.     2.     2.     2.     2.     2.     2.
 2.     2.     2.     2.     2.     2.     2.     2.     2.     2.
 2.     2.     2.     2.     2.     2.     2.     2.     2.     2.
 2.     2.     2.     2.     2.     2.     2.     2.     2.     2.
 2.     2.     2.     2.     2.     2.     2.     2.     2.     2.
 2.     2.     2.     2.     2.     2.     2.     2.     2.     2.
 2.     2.     2.     2.     2.     2.     2.     2.     2.     2.
 2.     2.     2.     2.     2.     2.     2.     2.     2.     2.
 2.     2.     2.     2.     2.     2.     2.     2.     2.     2.
 2.     2.     2.     2.     2.     1.9998 1.9895 1.9777 1.189  0.844 ]
entropy correction =  -0.014512170782712766
cycle= 17 E= -2135.02424266533  delta_E= -6.42e-08  |g|= 0.000126  |ddm|= 0.000802
HOMO:  -0.03697832770959753 LUMO:  -0.03349469662326167
Fermi energy:      -0.0350663776
[2.     2.     2.     2.     2.     2.     2.     2.     2.     2.
 2.     2.     2.     2.     2.     2.     2.     2.     2.     2.
 2.     2.     2.     2.     2.     2.     2.     2.     2.     2.
 2.     2.     2.     2.     2.     2.     2.     2.     2.     2.
 2.     2.     2.     2.     2.     2.     2.     2.     2.     2.
 2.     2.     2.     2.     2.     2.     2.     2.     2.     2.
 2.     2.     2.     2.     2.     2.     2.     2.     2.     2.
 2.     2.     2.     2.     2.     2.     2.     2.     2.     2.
 2.     2.     2.     2.     2.     2.     2.     2.     2.     2.
 2.     2.     2.     2.     2.     2.     2.     2.     2.     2.
 2.     2.     2.     2.     2.     2.     2.     2.     2.     2.
 2.     2.     2.     2.     2.     2.     2.     2.     2.     2.
 2.     2.     2.     2.     2.     2.     2.     2.     2.     2.
 2.     2.     2.     2.     2.     2.     2.     2.     2.     2.
 2.     2.     2.     2.     2.     2.     2.     2.     2.     2.
 2.     2.     2.     2.     2.     2.     2.     2.     2.     2.
 2.     2.     2.     2.     2.     1.9998 1.9895 1.9777 1.1889 0.8441]
entropy correction =  -0.014512385718667371
cycle= 18 E= -2135.02424267041  delta_E= -5.08e-09  |g|= 2.37e-05  |ddm|= 0.000184
HOMO:  -0.03697644712824448 LUMO:  -0.033493065253146694
Fermi energy:      -0.0350646419
[2.     2.     2.     2.     2.     2.     2.     2.     2.     2.
 2.     2.     2.     2.     2.     2.     2.     2.     2.     2.
 2.     2.     2.     2.     2.     2.     2.     2.     2.     2.
 2.     2.     2.     2.     2.     2.     2.     2.     2.     2.
 2.     2.     2.     2.     2.     2.     2.     2.     2.     2.
 2.     2.     2.     2.     2.     2.     2.     2.     2.     2.
 2.     2.     2.     2.     2.     2.     2.     2.     2.     2.
 2.     2.     2.     2.     2.     2.     2.     2.     2.     2.
 2.     2.     2.     2.     2.     2.     2.     2.     2.     2.
 2.     2.     2.     2.     2.     2.     2.     2.     2.     2.
 2.     2.     2.     2.     2.     2.     2.     2.     2.     2.
 2.     2.     2.     2.     2.     2.     2.     2.     2.     2.
 2.     2.     2.     2.     2.     2.     2.     2.     2.     2.
 2.     2.     2.     2.     2.     2.     2.     2.     2.     2.
 2.     2.     2.     2.     2.     2.     2.     2.     2.     2.
 2.     2.     2.     2.     2.     2.     2.     2.     2.     2.
 2.     2.     2.     2.     2.     1.9998 1.9895 1.9777 1.1889 0.8441]
entropy correction =  -0.01451233348719927
cycle= 19 E= -2135.02424267031  delta_E= 9.46e-11  |g|= 2.77e-05  |ddm|= 4e-05
HOMO:  -0.03698326012174979 LUMO:  -0.033493410693342
Fermi energy:      -0.0350680848
[2.     2.     2.     2.     2.     2.     2.     2.     2.     2.
 2.     2.     2.     2.     2.     2.     2.     2.     2.     2.
 2.     2.     2.     2.     2.     2.     2.     2.     2.     2.
 2.     2.     2.     2.     2.     2.     2.     2.     2.     2.
 2.     2.     2.     2.     2.     2.     2.     2.     2.     2.
 2.     2.     2.     2.     2.     2.     2.     2.     2.     2.
 2.     2.     2.     2.     2.     2.     2.     2.     2.     2.
 2.     2.     2.     2.     2.     2.     2.     2.     2.     2.
 2.     2.     2.     2.     2.     2.     2.     2.     2.     2.
 2.     2.     2.     2.     2.     2.     2.     2.     2.     2.
 2.     2.     2.     2.     2.     2.     2.     2.     2.     2.
 2.     2.     2.     2.     2.     2.     2.     2.     2.     2.
 2.     2.     2.     2.     2.     2.     2.     2.     2.     2.
 2.     2.     2.     2.     2.     2.     2.     2.     2.     2.
 2.     2.     2.     2.     2.     2.     2.     2.     2.     2.
 2.     2.     2.     2.     2.     2.     2.     2.     2.     2.
 2.     2.     2.     2.     2.     1.9998 1.9895 1.9777 1.1892 0.8438]
entropy correction =  -0.014511767456537164
Extra cycle  E= -2135.02424265055  delta_E= 1.98e-08  |g|= 0.000229  |ddm|= 0.000394
converged SCF energy = -2135.02424265055
<class 'pydmfet.qcwrap.pyscf_rks_ao.rks_ao'> does not have attributes  vext_1e ne_frozen add_coredm_ext_energy coredm
